-1
30 63 84 21 72 
52 13 60 51 38 
60 83 76 15 34 
70 27 12 65 46 
86 71 54 73 76 
-1
78 9 74 75 40 
38 21 42 19 10 
82 73 58 7 20 
22 85 68 37 22 
76 97 60 39 48 
-1
-1
-1
-1
-1
-1
-1
-1
-1
56 33 30 87 26 
58 19 58 33 2 
14 69 12 7 72 
78 49 18 15 64 
64 59 84 1 4 
-1
10 57 30 51 86 
60 65 80 31 82 
14 39 20 63 34 
86 81 82 51 76 
76 51 82 37 6 
19 78 11 52 23 
19 74 1 12 67 
95 42 33 18 81 
73 68 97 40 87 
27 2 51 50 79 
-1
-1
-1
-1
-1
5 16 63 40 53 
49 28 83 22 95 
21 8 7 38 79 
53 40 77 96 57 
43 32 53 12 65 
-1
-1
12 11 58 53 72 
26 65 78 61 44 
50 35 38 23 12 
6 49 46 87 40 
80 45 60 7 48 
-1
-1
-1
-1
83 92 73 40 71 
57 56 97 26 21 
11 24 45 46 5 
7 52 53 46 99 
53 60 17 52 1 
-1
-1
-1
-1
-1
-1
8 67 32 39 74 
8 89 76 63 54 
6 39 74 95 20 
48 15 64 43 62 
38 21 60 19 28 
-1
-1
26 65 72 9 94 
2 29 58 11 14 
10 21 12 5 48 
50 65 4 39 98 
50 73 38 95 92 
-1
-1
-1
-1
42 11 24 13 54 
98 71 2 65 46 
8 91 38 49 60 
18 51 96 99 52 
70 45 28 17 82 
-1
-1
-1
-1
-1
-1
-1
-1
-1
-1
41 66 95 18 3 
71 68 39 64 13 
49 30 63 36 29 
53 34 25 18 15 
39 82 73 2 75 
-1
-1
-1
22 13 24 87 66 
72 65 6 29 4 
26 99 32 13 90 
58 43 20 45 24 
96 25 82 67 86 
-1
-1
71 36 71 10 23 
99 24 19 64 35 
23 94 87 60 13 
35 12 85 62 39 
1 32 19 98 45 
-1
-1
47 20 49 74 89 
79 2 91 76 71 
97 74 7 92 87 
61 96 87 62 41 
75 42 87 34 85 
-1
-1
-1
-1
-1
-1
-1
-1
-1
-1
17 24 63 56 55 
89 16 79 84 71 
83 44 5 44 33 
15 94 5 82 19 
97 30 29 94 23 
-1
-1
-1
-1
-1
-1
-1
56 41 98 77 62 
58 69 38 79 52 
72 83 40 53 84 
48 97 76 3 20 
42 55 96 41 64 
-1
-1
-1
44 31 62 71 14 
28 29 50 71 16 
46 17 38 13 64 
46 81 30 49 26 
86 97 48 43 2 
-1
-1
-1
69 92 51 88 13 
63 10 95 30 23 
75 80 63 24 79 
97 66 63 54 63 
43 12 59 36 21 
-1
-1
97 88 61 34 9 
59 2 47 18 59 
67 70 41 100 63 
53 54 37 98 9 
79 68 75 44 67 
-1
-1
65 18 73 20 65 
75 62 27 66 55 
7 54 49 44 93 
47 70 99 22 33 
19 46 1 82 95 
