-1
-1
-1
-1
-1
-1
-1
-1
-1
-1
-1
-1
-1
-1
-1
-1
-1
-1
-1
-1
-1
-1
-1
-1
-1
-1
-1
-1
-1
-1
-1
-1
-1
-1
-1
-1
-1
-1
-1
-1
-1
-1
-1
-1
-1
-1
-1
-1
-1
201 100 199 98 197 96 195 94 193 92 
191 90 189 88 187 86 185 84 183 82 
181 80 179 78 177 76 175 74 173 72 
171 70 169 68 167 66 165 64 163 62 
161 60 159 58 157 56 155 54 153 52 
151 50 149 48 147 46 145 44 143 42 
141 40 139 38 137 36 135 34 133 32 
131 30 129 28 127 26 125 24 123 22 
121 20 119 18 117 16 115 14 113 12 
111 10 109 8 107 6 105 4 103 2 
-1
-1
-1
-1
-1
-1
-1
-1
-1
-1
-1
-1
-1
-1
-1
-1
-1
-1
-1
-1
-1
-1
-1
-1
-1
-1
-1
-1
-1
-1
-1
-1
-1
-1
-1
-1
-1
-1
-1
-1
-1
-1
-1
-1
-1
-1
-1
-1
-1
-1
